<?xml version="1.0" encoding="UTF-8"?>
<testsuite xmlns:xsi="http://www.w3.org/2001/XMLSchema-instance" xsi:noNamespaceSchemaLocation="https://maven.apache.org/surefire/maven-surefire-plugin/xsd/surefire-test-report.xsd" name="TestSuite" time="3.609" tests="2" errors="0" skipped="0" failures="0">
  <properties>
    <property name="sun.desktop" value="gnome"/>
    <property name="awt.toolkit" value="sun.awt.X11.XToolkit"/>
    <property name="file.encoding.pkg" value="sun.io"/>
    <property name="java.specification.version" value="1.8"/>
    <property name="sun.cpu.isalist" value=""/>
    <property name="sun.jnu.encoding" value="UTF-8"/>
    <property name="java.class.path" value="/home/admin12/eclipse-workspace/mulitpleEnviroments/target/test-classes:/home/admin12/eclipse-workspace/mulitpleEnviroments/target/classes:/home/admin12/.m2/repository/org/aeonbits/owner/owner/1.0.4/owner-1.0.4.jar:/home/admin12/.m2/repository/org/testng/testng/6.14.3/testng-6.14.3.jar:/home/admin12/.m2/repository/com/beust/jcommander/1.72/jcommander-1.72.jar:/home/admin12/.m2/repository/org/apache-extras/beanshell/bsh/2.0b6/bsh-2.0b6.jar:/home/admin12/.m2/repository/org/seleniumhq/selenium/selenium-java/3.141.59/selenium-java-3.141.59.jar:/home/admin12/.m2/repository/org/seleniumhq/selenium/selenium-api/3.141.59/selenium-api-3.141.59.jar:/home/admin12/.m2/repository/org/seleniumhq/selenium/selenium-chrome-driver/3.141.59/selenium-chrome-driver-3.141.59.jar:/home/admin12/.m2/repository/org/seleniumhq/selenium/selenium-edge-driver/3.141.59/selenium-edge-driver-3.141.59.jar:/home/admin12/.m2/repository/org/seleniumhq/selenium/selenium-firefox-driver/3.141.59/selenium-firefox-driver-3.141.59.jar:/home/admin12/.m2/repository/org/seleniumhq/selenium/selenium-ie-driver/3.141.59/selenium-ie-driver-3.141.59.jar:/home/admin12/.m2/repository/org/seleniumhq/selenium/selenium-opera-driver/3.141.59/selenium-opera-driver-3.141.59.jar:/home/admin12/.m2/repository/org/seleniumhq/selenium/selenium-remote-driver/3.141.59/selenium-remote-driver-3.141.59.jar:/home/admin12/.m2/repository/org/seleniumhq/selenium/selenium-safari-driver/3.141.59/selenium-safari-driver-3.141.59.jar:/home/admin12/.m2/repository/org/seleniumhq/selenium/selenium-support/3.141.59/selenium-support-3.141.59.jar:/home/admin12/.m2/repository/net/bytebuddy/byte-buddy/1.8.15/byte-buddy-1.8.15.jar:/home/admin12/.m2/repository/org/apache/commons/commons-exec/1.3/commons-exec-1.3.jar:/home/admin12/.m2/repository/com/google/guava/guava/25.0-jre/guava-25.0-jre.jar:/home/admin12/.m2/repository/com/google/code/findbugs/jsr305/1.3.9/jsr305-1.3.9.jar:/home/admin12/.m2/repository/org/checkerframework/checker-compat-qual/2.0.0/checker-compat-qual-2.0.0.jar:/home/admin12/.m2/repository/com/google/errorprone/error_prone_annotations/2.1.3/error_prone_annotations-2.1.3.jar:/home/admin12/.m2/repository/com/google/j2objc/j2objc-annotations/1.1/j2objc-annotations-1.1.jar:/home/admin12/.m2/repository/org/codehaus/mojo/animal-sniffer-annotations/1.14/animal-sniffer-annotations-1.14.jar:/home/admin12/.m2/repository/com/squareup/okhttp3/okhttp/3.11.0/okhttp-3.11.0.jar:/home/admin12/.m2/repository/com/squareup/okio/okio/1.14.0/okio-1.14.0.jar:/home/admin12/.m2/repository/io/cucumber/cucumber-java/5.2.0/cucumber-java-5.2.0.jar:/home/admin12/.m2/repository/io/cucumber/cucumber-core/5.2.0/cucumber-core-5.2.0.jar:/home/admin12/.m2/repository/io/cucumber/cucumber-gherkin/5.2.0/cucumber-gherkin-5.2.0.jar:/home/admin12/.m2/repository/io/cucumber/cucumber-gherkin-vintage/5.2.0/cucumber-gherkin-vintage-5.2.0.jar:/home/admin12/.m2/repository/io/cucumber/tag-expressions/2.0.4/tag-expressions-2.0.4.jar:/home/admin12/.m2/repository/io/cucumber/cucumber-expressions/8.3.1/cucumber-expressions-8.3.1.jar:/home/admin12/.m2/repository/io/cucumber/datatable/3.3.0/datatable-3.3.0.jar:/home/admin12/.m2/repository/io/cucumber/cucumber-plugin/5.2.0/cucumber-plugin-5.2.0.jar:/home/admin12/.m2/repository/io/cucumber/docstring/5.2.0/docstring-5.2.0.jar:/home/admin12/.m2/repository/org/apiguardian/apiguardian-api/1.1.0/apiguardian-api-1.1.0.jar:/home/admin12/.m2/repository/io/cucumber/cucumber-testng/5.2.0/cucumber-testng-5.2.0.jar:/home/admin12/.m2/repository/io/cucumber/cucumber-jvm-deps/1.0.6/cucumber-jvm-deps-1.0.6.jar:/home/admin12/.m2/repository/org/apache/maven/surefire/surefire-testng-utils/2.22.0/surefire-testng-utils-2.22.0.jar:/home/admin12/.m2/repository/org/apache/maven/surefire/surefire-grouper/2.22.0/surefire-grouper-2.22.0.jar:"/>
    <property name="java.vm.vendor" value="Oracle Corporation"/>
    <property name="sun.arch.data.model" value="64"/>
    <property name="java.vendor.url" value="http://java.oracle.com/"/>
    <property name="user.timezone" value=""/>
    <property name="java.vm.specification.version" value="1.8"/>
    <property name="os.name" value="Linux"/>
    <property name="user.country" value="IN"/>
    <property name="sun.java.launcher" value="SUN_STANDARD"/>
    <property name="sun.boot.library.path" value="/opt/jdk/jdk1.8.0_241/jre/lib/amd64"/>
    <property name="sun.java.command" value="/home/admin12/eclipse-workspace/mulitpleEnviroments/target/surefire/surefirebooter6130077376808334800.jar /home/admin12/eclipse-workspace/mulitpleEnviroments/target/surefire 2020-07-08T15-34-31_168-jvmRun1 surefire6274929154233824049tmp surefire_05961420110729491854tmp"/>
    <property name="surefire.test.class.path" value="/home/admin12/eclipse-workspace/mulitpleEnviroments/target/test-classes:/home/admin12/eclipse-workspace/mulitpleEnviroments/target/classes:/home/admin12/.m2/repository/org/aeonbits/owner/owner/1.0.4/owner-1.0.4.jar:/home/admin12/.m2/repository/org/testng/testng/6.14.3/testng-6.14.3.jar:/home/admin12/.m2/repository/com/beust/jcommander/1.72/jcommander-1.72.jar:/home/admin12/.m2/repository/org/apache-extras/beanshell/bsh/2.0b6/bsh-2.0b6.jar:/home/admin12/.m2/repository/org/seleniumhq/selenium/selenium-java/3.141.59/selenium-java-3.141.59.jar:/home/admin12/.m2/repository/org/seleniumhq/selenium/selenium-api/3.141.59/selenium-api-3.141.59.jar:/home/admin12/.m2/repository/org/seleniumhq/selenium/selenium-chrome-driver/3.141.59/selenium-chrome-driver-3.141.59.jar:/home/admin12/.m2/repository/org/seleniumhq/selenium/selenium-edge-driver/3.141.59/selenium-edge-driver-3.141.59.jar:/home/admin12/.m2/repository/org/seleniumhq/selenium/selenium-firefox-driver/3.141.59/selenium-firefox-driver-3.141.59.jar:/home/admin12/.m2/repository/org/seleniumhq/selenium/selenium-ie-driver/3.141.59/selenium-ie-driver-3.141.59.jar:/home/admin12/.m2/repository/org/seleniumhq/selenium/selenium-opera-driver/3.141.59/selenium-opera-driver-3.141.59.jar:/home/admin12/.m2/repository/org/seleniumhq/selenium/selenium-remote-driver/3.141.59/selenium-remote-driver-3.141.59.jar:/home/admin12/.m2/repository/org/seleniumhq/selenium/selenium-safari-driver/3.141.59/selenium-safari-driver-3.141.59.jar:/home/admin12/.m2/repository/org/seleniumhq/selenium/selenium-support/3.141.59/selenium-support-3.141.59.jar:/home/admin12/.m2/repository/net/bytebuddy/byte-buddy/1.8.15/byte-buddy-1.8.15.jar:/home/admin12/.m2/repository/org/apache/commons/commons-exec/1.3/commons-exec-1.3.jar:/home/admin12/.m2/repository/com/google/guava/guava/25.0-jre/guava-25.0-jre.jar:/home/admin12/.m2/repository/com/google/code/findbugs/jsr305/1.3.9/jsr305-1.3.9.jar:/home/admin12/.m2/repository/org/checkerframework/checker-compat-qual/2.0.0/checker-compat-qual-2.0.0.jar:/home/admin12/.m2/repository/com/google/errorprone/error_prone_annotations/2.1.3/error_prone_annotations-2.1.3.jar:/home/admin12/.m2/repository/com/google/j2objc/j2objc-annotations/1.1/j2objc-annotations-1.1.jar:/home/admin12/.m2/repository/org/codehaus/mojo/animal-sniffer-annotations/1.14/animal-sniffer-annotations-1.14.jar:/home/admin12/.m2/repository/com/squareup/okhttp3/okhttp/3.11.0/okhttp-3.11.0.jar:/home/admin12/.m2/repository/com/squareup/okio/okio/1.14.0/okio-1.14.0.jar:/home/admin12/.m2/repository/io/cucumber/cucumber-java/5.2.0/cucumber-java-5.2.0.jar:/home/admin12/.m2/repository/io/cucumber/cucumber-core/5.2.0/cucumber-core-5.2.0.jar:/home/admin12/.m2/repository/io/cucumber/cucumber-gherkin/5.2.0/cucumber-gherkin-5.2.0.jar:/home/admin12/.m2/repository/io/cucumber/cucumber-gherkin-vintage/5.2.0/cucumber-gherkin-vintage-5.2.0.jar:/home/admin12/.m2/repository/io/cucumber/tag-expressions/2.0.4/tag-expressions-2.0.4.jar:/home/admin12/.m2/repository/io/cucumber/cucumber-expressions/8.3.1/cucumber-expressions-8.3.1.jar:/home/admin12/.m2/repository/io/cucumber/datatable/3.3.0/datatable-3.3.0.jar:/home/admin12/.m2/repository/io/cucumber/cucumber-plugin/5.2.0/cucumber-plugin-5.2.0.jar:/home/admin12/.m2/repository/io/cucumber/docstring/5.2.0/docstring-5.2.0.jar:/home/admin12/.m2/repository/org/apiguardian/apiguardian-api/1.1.0/apiguardian-api-1.1.0.jar:/home/admin12/.m2/repository/io/cucumber/cucumber-testng/5.2.0/cucumber-testng-5.2.0.jar:/home/admin12/.m2/repository/io/cucumber/cucumber-jvm-deps/1.0.6/cucumber-jvm-deps-1.0.6.jar:/home/admin12/.m2/repository/org/apache/maven/surefire/surefire-testng-utils/2.22.0/surefire-testng-utils-2.22.0.jar:/home/admin12/.m2/repository/org/apache/maven/surefire/surefire-grouper/2.22.0/surefire-grouper-2.22.0.jar:"/>
    <property name="sun.cpu.endian" value="little"/>
    <property name="user.home" value="/home/admin12"/>
    <property name="user.language" value="en"/>
    <property name="java.specification.vendor" value="Oracle Corporation"/>
    <property name="java.home" value="/opt/jdk/jdk1.8.0_241/jre"/>
    <property name="basedir" value="/home/admin12/eclipse-workspace/mulitpleEnviroments"/>
    <property name="file.separator" value="/"/>
    <property name="line.separator" value="&#10;"/>
    <property name="java.vm.specification.vendor" value="Oracle Corporation"/>
    <property name="java.specification.name" value="Java Platform API Specification"/>
    <property name="java.awt.graphicsenv" value="sun.awt.X11GraphicsEnvironment"/>
    <property name="surefire.real.class.path" value="/home/admin12/eclipse-workspace/mulitpleEnviroments/target/surefire/surefirebooter6130077376808334800.jar"/>
    <property name="sun.boot.class.path" value="/opt/jdk/jdk1.8.0_241/jre/lib/resources.jar:/opt/jdk/jdk1.8.0_241/jre/lib/rt.jar:/opt/jdk/jdk1.8.0_241/jre/lib/sunrsasign.jar:/opt/jdk/jdk1.8.0_241/jre/lib/jsse.jar:/opt/jdk/jdk1.8.0_241/jre/lib/jce.jar:/opt/jdk/jdk1.8.0_241/jre/lib/charsets.jar:/opt/jdk/jdk1.8.0_241/jre/lib/jfr.jar:/opt/jdk/jdk1.8.0_241/jre/classes"/>
    <property name="sun.management.compiler" value="HotSpot 64-Bit Tiered Compilers"/>
    <property name="java.runtime.version" value="1.8.0_241-b07"/>
    <property name="user.name" value="admin12"/>
    <property name="path.separator" value=":"/>
    <property name="os.version" value="4.15.0-102-generic"/>
    <property name="java.endorsed.dirs" value="/opt/jdk/jdk1.8.0_241/jre/lib/endorsed"/>
    <property name="java.runtime.name" value="Java(TM) SE Runtime Environment"/>
    <property name="file.encoding" value="UTF-8"/>
    <property name="java.vm.name" value="Java HotSpot(TM) 64-Bit Server VM"/>
    <property name="localRepository" value="/home/admin12/.m2/repository"/>
    <property name="java.vendor.url.bug" value="http://bugreport.sun.com/bugreport/"/>
    <property name="java.io.tmpdir" value="/tmp"/>
    <property name="java.version" value="1.8.0_241"/>
    <property name="user.dir" value="/home/admin12/eclipse-workspace/mulitpleEnviroments"/>
    <property name="os.arch" value="amd64"/>
    <property name="java.vm.specification.name" value="Java Virtual Machine Specification"/>
    <property name="java.awt.printerjob" value="sun.print.PSPrinterJob"/>
    <property name="sun.os.patch.level" value="unknown"/>
    <property name="java.library.path" value="/usr/java/packages/lib/amd64:/usr/lib64:/lib64:/lib:/usr/lib"/>
    <property name="java.vm.info" value="mixed mode"/>
    <property name="java.vendor" value="Oracle Corporation"/>
    <property name="java.vm.version" value="25.241-b07"/>
    <property name="java.ext.dirs" value="/opt/jdk/jdk1.8.0_241/jre/lib/ext:/usr/java/packages/lib/ext"/>
    <property name="sun.io.unicode.encoding" value="UnicodeLittle"/>
    <property name="java.class.version" value="52.0"/>
  </properties>
  <testcase name="TestSanity1" classname="tests.Test2" time="0.021"/>
  <testcase name="TestSanity4" classname="tests.Test2" time="0"/>
</testsuite>