<?xml version="1.0" encoding="UTF-8"?>
<!-- Generated by org.testng.reporters.JUnitReportReporter -->
<testsuite skipped="0" hostname="admin12-Vostro-3446" name="mulitpleEnviroments.TestEnvironment" tests="1" failures="0" timestamp="03 Jul 2020 06:02:33 GMT" time="0.042" errors="0">
  <testcase name="functionalTest" time="0.042" classname="mulitpleEnviroments.TestEnvironment"/>
</testsuite> <!-- mulitpleEnviroments.TestEnvironment -->
