<?xml version="1.0" encoding="UTF-8"?>
<!-- Generated by org.testng.reporters.JUnitReportReporter -->
<testsuite skipped="0" hostname="admin12-Vostro-3446" name="tests.Test2" tests="2" failures="0" timestamp="2020-07-08T15:30:52 IST" time="0.066" errors="0">
  <testcase name="TestSanity4" time="0.006" classname="tests.Test2"/>
  <testcase name="TestSanity1" time="0.060" classname="tests.Test2"/>
</testsuite> <!-- tests.Test2 -->
