<?xml version="1.0" encoding="UTF-8"?>
<!-- Generated by org.testng.reporters.JUnitReportReporter -->
<testsuite skipped="0" hostname="admin12-Vostro-3446" name="managers.StringJava" tests="4" failures="0" timestamp="07 Jul 2020 17:58:31 GMT" time="0.093" errors="0">
  <testcase name="test22" time="0.003" classname="managers.StringJava"/>
  <testcase name="test4" time="0.012" classname="managers.StringJava"/>
  <testcase name="test" time="0.070" classname="managers.StringJava"/>
  <testcase name="test2" time="0.008" classname="managers.StringJava"/>
</testsuite> <!-- managers.StringJava -->
