<?xml version="1.0" encoding="UTF-8"?>
<!-- Generated by org.testng.reporters.JUnitReportReporter -->
<testsuite skipped="0" hostname="admin12-Vostro-3446" name="parallel.RunCucumberTest" tests="4" failures="0" timestamp="08 Jul 2020 05:53:49 GMT" time="1.835" errors="0">
  <testcase name="runScenario" time="0.458" classname="parallel.RunCucumberTest"/>
  <testcase name="runScenario" time="0.459" classname="parallel.RunCucumberTest"/>
  <testcase name="runScenario" time="0.459" classname="parallel.RunCucumberTest"/>
  <testcase name="runScenario" time="0.459" classname="parallel.RunCucumberTest"/>
</testsuite> <!-- parallel.RunCucumberTest -->
